<?xml version="1.0" encoding="UTF-8"?>
<testsuite xmlns:xsi="http://www.w3.org/2001/XMLSchema-instance" xsi:noNamespaceSchemaLocation="https://maven.apache.org/surefire/maven-surefire-plugin/xsd/surefire-test-report-3.0.xsd" version="3.0" name="bedu.proyecto.ecommerce.util.SecurityConfigTest" time="1.666" tests="1" errors="0" skipped="0" failures="0">
  <properties>
[...]
</properties>
  <testcase name="testPasswordEncoder" classname="bedu.proyecto.ecommerce.util.SecurityConfigTest" time="0.051"/>
</testsuite>